2025-04-23 16:19:27,948 INFO: Task Manager startup [in /Users/satindersingh/Desktop/ashish/task_manager/app.py:38]
2025-04-23 16:19:28,027 INFO: Starting Flask development server. [in /Users/satindersingh/Desktop/ashish/task_manager/app.py:284]
2025-04-23 16:20:06,691 INFO: Task Manager startup [in /Users/satindersingh/Desktop/ashish/task_manager/app.py:38]
2025-04-23 16:20:06,755 INFO: Starting Flask development server. [in /Users/satindersingh/Desktop/ashish/task_manager/app.py:284]
2025-04-23 16:20:17,146 INFO: User testuser viewed tasks with filter: all [in /Users/satindersingh/Desktop/ashish/task_manager/app.py:163]
2025-04-23 16:20:19,350 INFO: User testuser viewed tasks with filter: in progress [in /Users/satindersingh/Desktop/ashish/task_manager/app.py:163]
2025-04-23 16:20:20,343 INFO: User testuser viewed tasks with filter: completed [in /Users/satindersingh/Desktop/ashish/task_manager/app.py:163]
2025-04-23 16:20:21,242 INFO: User testuser viewed tasks with filter: failed [in /Users/satindersingh/Desktop/ashish/task_manager/app.py:163]
2025-04-23 16:20:22,159 INFO: User testuser viewed tasks with filter: in progress [in /Users/satindersingh/Desktop/ashish/task_manager/app.py:163]
2025-04-23 16:20:23,259 INFO: User testuser viewed tasks with filter: all [in /Users/satindersingh/Desktop/ashish/task_manager/app.py:163]
2025-04-23 16:20:25,913 INFO: Task 'breakfast' (ID: 102d771a-3279-4e69-97c2-3aa675850a67) updated to Name: 'breakfast', Status: 'failed' by user testuser. [in /Users/satindersingh/Desktop/ashish/task_manager/app.py:218]
2025-04-23 16:20:25,920 INFO: User testuser viewed tasks with filter: all [in /Users/satindersingh/Desktop/ashish/task_manager/app.py:163]
2025-04-23 16:37:12,753 INFO: Task Manager startup [in /Users/ashishkumar/git_branches/task_manager/task_manager/app.py:38]
2025-04-23 16:52:04,521 INFO: Task Manager startup [in /Users/ashishkumar/git_branches/task_manager/task_manager/app.py:38]
2025-04-23 17:28:00,683 INFO: Task Manager startup [in /Users/ashishkumar/git_branches/task_manager/task_manager/app.py:38]
2025-04-23 17:34:31,388 INFO: Task Manager startup [in /Users/ashishkumar/git_branches/task_manager/task_manager/app.py:38]
2025-04-23 17:44:26,993 INFO: Task Manager startup [in /Users/ashishkumar/git_branches/task_manager/task_manager/app.py:38]
2025-04-23 17:44:27,328 INFO: Starting Flask development server. [in /Users/ashishkumar/git_branches/task_manager/task_manager/app.py:286]
2025-04-23 17:44:27,784 INFO: Task Manager startup [in /Users/ashishkumar/git_branches/task_manager/task_manager/app.py:38]
2025-04-23 17:44:27,852 INFO: Starting Flask development server. [in /Users/ashishkumar/git_branches/task_manager/task_manager/app.py:286]
2025-04-23 17:46:27,373 INFO: Task Manager startup [in /Users/ashishkumar/git_branches/task_manager/task_manager/app.py:38]
2025-04-23 17:46:27,455 INFO: Starting Flask development server. [in /Users/ashishkumar/git_branches/task_manager/task_manager/app.py:286]
2025-04-23 17:46:29,872 INFO: Task Manager startup [in /Users/ashishkumar/git_branches/task_manager/task_manager/app.py:38]
2025-04-23 17:46:29,943 INFO: Starting Flask development server. [in /Users/ashishkumar/git_branches/task_manager/task_manager/app.py:286]
2025-04-23 17:46:30,252 INFO: Task Manager startup [in /Users/ashishkumar/git_branches/task_manager/task_manager/app.py:38]
2025-04-23 17:46:30,322 INFO: Starting Flask development server. [in /Users/ashishkumar/git_branches/task_manager/task_manager/app.py:286]
2025-04-23 17:49:45,717 INFO: Task Manager startup [in /Users/ashishkumar/git_branches/task_manager/task_manager/app.py:38]
2025-04-23 17:49:45,810 INFO: Starting Flask development server. [in /Users/ashishkumar/git_branches/task_manager/task_manager/app.py:296]
2025-04-23 17:51:30,699 INFO: User testuser viewed tasks with filter: all [in /Users/ashishkumar/git_branches/task_manager/task_manager/app.py:172]
2025-04-23 17:52:56,613 INFO: Task 'party' (ID: aff3ca39-b898-4cd0-95d7-e389b8793016) added successfully by user testuser. [in /Users/ashishkumar/git_branches/task_manager/task_manager/app.py:194]
2025-04-23 17:52:56,623 INFO: User testuser viewed tasks with filter: all [in /Users/ashishkumar/git_branches/task_manager/task_manager/app.py:172]
2025-04-23 17:53:42,387 INFO: Task 'lunch' (ID: bfec0a72-837f-4870-92d4-5071e5827ecf) added successfully by user testuser. [in /Users/ashishkumar/git_branches/task_manager/task_manager/app.py:194]
2025-04-23 17:53:42,396 INFO: User testuser viewed tasks with filter: all [in /Users/ashishkumar/git_branches/task_manager/task_manager/app.py:172]
2025-04-23 17:54:31,345 INFO: Task 'lunch' (ID: bfec0a72-837f-4870-92d4-5071e5827ecf) updated to Name: 'lunch', Status: 'completed' by user testuser. [in /Users/ashishkumar/git_branches/task_manager/task_manager/app.py:228]
2025-04-23 17:54:31,380 INFO: User testuser viewed tasks with filter: all [in /Users/ashishkumar/git_branches/task_manager/task_manager/app.py:172]
2025-04-23 17:54:35,510 INFO: Task 'lunch' (ID: bfec0a72-837f-4870-92d4-5071e5827ecf) deleted successfully by user testuser. [in /Users/ashishkumar/git_branches/task_manager/task_manager/app.py:266]
2025-04-23 17:54:35,520 INFO: User testuser viewed tasks with filter: all [in /Users/ashishkumar/git_branches/task_manager/task_manager/app.py:172]
2025-04-23 17:54:40,524 INFO: Task 'dinner' (ID: 1720a822-8432-4027-86c5-38448f6e7b54) added successfully by user testuser. [in /Users/ashishkumar/git_branches/task_manager/task_manager/app.py:194]
2025-04-23 17:54:40,537 INFO: User testuser viewed tasks with filter: all [in /Users/ashishkumar/git_branches/task_manager/task_manager/app.py:172]
2025-04-23 17:54:44,486 INFO: Task 'dinner' (ID: 1720a822-8432-4027-86c5-38448f6e7b54) updated to Name: 'dinner', Status: 'failed' by user testuser. [in /Users/ashishkumar/git_branches/task_manager/task_manager/app.py:228]
2025-04-23 17:54:44,494 INFO: User testuser viewed tasks with filter: all [in /Users/ashishkumar/git_branches/task_manager/task_manager/app.py:172]
2025-04-23 17:54:46,962 INFO: User testuser viewed tasks with filter: failed [in /Users/ashishkumar/git_branches/task_manager/task_manager/app.py:172]
2025-04-23 17:54:48,024 INFO: User testuser viewed tasks with filter: completed [in /Users/ashishkumar/git_branches/task_manager/task_manager/app.py:172]
2025-04-23 17:54:49,785 INFO: User testuser viewed tasks with filter: in progress [in /Users/ashishkumar/git_branches/task_manager/task_manager/app.py:172]
2025-04-23 17:54:51,170 INFO: User testuser viewed tasks with filter: all [in /Users/ashishkumar/git_branches/task_manager/task_manager/app.py:172]
2025-04-23 17:55:08,639 INFO: User testuser viewed tasks with filter: all [in /Users/ashishkumar/git_branches/task_manager/task_manager/app.py:172]
2025-04-23 18:18:56,431 INFO: Task Manager startup [in /Users/ashishkumar/git_branches/task_manager/task_manager/app.py:39]
2025-04-23 18:18:57,016 INFO: Starting Flask development server. [in /Users/ashishkumar/git_branches/task_manager/task_manager/app.py:297]
2025-04-23 18:19:04,727 INFO: Task Manager startup [in /Users/ashishkumar/git_branches/task_manager/task_manager/app.py:39]
2025-04-23 18:19:04,802 INFO: Starting Flask development server. [in /Users/ashishkumar/git_branches/task_manager/task_manager/app.py:297]
2025-04-23 18:19:05,208 INFO: Task Manager startup [in /Users/ashishkumar/git_branches/task_manager/task_manager/app.py:39]
2025-04-23 18:19:05,279 INFO: Starting Flask development server. [in /Users/ashishkumar/git_branches/task_manager/task_manager/app.py:297]
2025-04-23 18:21:05,289 INFO: Task Manager startup [in /Users/ashishkumar/git_branches/task_manager/task_manager/app.py:34]
2025-04-23 18:21:07,057 INFO: Starting Flask development server. [in /Users/ashishkumar/git_branches/task_manager/task_manager/app.py:288]
